[0mGET / [32m200 [0m489.841 ms - 188[0m
[0mGET /stylesheets/style.css [32m200 [0m6.596 ms - 110[0m
[0mGET /favicon.ico [33m404 [0m42.394 ms - 1095[0m
[0mPOST /menus/list [32m200 [0m38.558 ms - 10461[0m
[0mPOST /items/list [32m200 [0m87.965 ms - 56982[0m
[0mPOST /menus/list [32m200 [0m9.142 ms - 10461[0m
[0mPOST /items/list [32m200 [0m9.004 ms - 13308[0m
[0mPOST /items/list [32m200 [0m9.952 ms - 13671[0m
[0mPOST /items/list [32m200 [0m6.305 ms - 12893[0m
[0mPOST /items/list [32m200 [0m4.697 ms - 5384[0m
[0mPOST /items/list [32m200 [0m4.418 ms - 7204[0m
[0mPOST /items/list [32m200 [0m6.737 ms - 7204[0m
[0mPOST /items/list [32m200 [0m5.753 ms - 7204[0m
[0mGET / [32m200 [0m403.595 ms - 188[0m
[0mGET /stylesheets/style.css [32m200 [0m5.064 ms - 110[0m
[0mGET /favicon.ico [33m404 [0m54.875 ms - 1095[0m
[0mGET / [36m304 [0m31.502 ms - -[0m
[0mGET /stylesheets/style.css [36m304 [0m1.929 ms - -[0m
[0mGET / [36m304 [0m21.968 ms - -[0m
[0mGET /stylesheets/style.css [36m304 [0m0.553 ms - -[0m
[0mGET / [36m304 [0m21.113 ms - -[0m
[0mGET /stylesheets/style.css [36m304 [0m0.594 ms - -[0m
[0mPOST /menus/list [32m200 [0m61.940 ms - 10461[0m
[0mPOST /menus/list [32m200 [0m15.436 ms - 10461[0m
[0mPOST /items/list [32m200 [0m18.879 ms - 56982[0m
[0mPOST /items/list [32m200 [0m15.144 ms - 61521[0m
[0mPOST /items/list [32m200 [0m9.817 ms - 52068[0m
[0mPOST /items/list [32m200 [0m2.285 ms - 54[0m
[0mPOST /items/list [32m200 [0m3.656 ms - 54[0m
[0mPOST /items/list [32m200 [0m3.257 ms - 54[0m
[0mPOST /items/list [32m200 [0m5.181 ms - 54[0m
[0mPOST /menus/list [32m200 [0m4.820 ms - 10461[0m
